This file contains any messages produced by compilers while
running configure, to aid debugging if configure makes a mistake.

It was created by eudev configure 3.2.1, which was
generated by GNU Autoconf 2.69.  Invocation command line was

  $ ./configure --host=aarch64-linux-gnu --prefix=/work/Itarge/platform_v2/trunk/TX1/platform_release/toolchain/gcc-linaro-4.9.4-2017.01-x86_64_aarch64-linux-gnu/aarch64-linux-gnu --bindir=/work/Itarge/platform_v2/trunk/TX1/platform_release/rootfs/usr/bin --enable-shared --enable-static CFLAGS=-O3 -I/work/Itarge/platform_v2/trunk/TX1/platform_release/toolchain/gcc-linaro-4.9.4-2017.01-x86_64_aarch64-linux-gnu/aarch64-linux-gnu/include CXXFLAGS=-O3 -I/work/Itarge/platform_v2/trunk/TX1/platform_release/toolchain/gcc-linaro-4.9.4-2017.01-x86_64_aarch64-linux-gnu/aarch64-linux-gnu/include

## --------- ##
## Platform. ##
## --------- ##

hostname = HP8570W
uname -m = x86_64
uname -r = 4.4.0-70-generic
uname -s = Linux
uname -v = #91-Ubuntu SMP Wed Mar 22 12:47:43 UTC 2017

/usr/bin/uname -p = unknown
/bin/uname -X     = unknown

/bin/arch              = unknown
/usr/bin/arch -k       = unknown
/usr/convex/getsysinfo = unknown
/usr/bin/hostinfo      = unknown
/bin/machine           = unknown
/usr/bin/oslevel       = unknown
/bin/universe          = unknown

PATH: /work/Itarge/platform_v2/trunk/TX1/platform_release/toolchain/gcc-linaro-4.9.4-2017.01-x86_64_aarch64-linux-gnu/bin
PATH: /home/leerong/bin
PATH: /home/leerong/.local/bin
PATH: /usr/local/cuda-8.0/bin
PATH: /opt/Android/eclipse
PATH: /usr/local/sbin
PATH: /usr/local/bin
PATH: /usr/sbin
PATH: /usr/bin
PATH: /sbin
PATH: /bin
PATH: /usr/games
PATH: /usr/local/games
PATH: /snap/bin


## ----------- ##
## Core tests. ##
## ----------- ##

configure:2842: checking for aarch64-linux-gnu-gcc
configure:2858: found /work/Itarge/platform_v2/trunk/TX1/platform_release/toolchain/gcc-linaro-4.9.4-2017.01-x86_64_aarch64-linux-gnu/bin/aarch64-linux-gnu-gcc
configure:2869: result: aarch64-linux-gnu-gcc
configure:3138: checking for C compiler version
configure:3147: aarch64-linux-gnu-gcc --version >&5
aarch64-linux-gnu-gcc (Linaro GCC 4.9-2017.01) 4.9.4
Copyright (C) 2015 Free Software Foundation, Inc.
This is free software; see the source for copying conditions.  There is NO
warranty; not even for MERCHANTABILITY or FITNESS FOR A PARTICULAR PURPOSE.

configure:3158: $? = 0
configure:3147: aarch64-linux-gnu-gcc -v >&5
Using built-in specs.
COLLECT_GCC=aarch64-linux-gnu-gcc
COLLECT_LTO_WRAPPER=/work/Itarge/platform_v2/trunk/TX1/platform_release/toolchain/gcc-linaro-4.9.4-2017.01-x86_64_aarch64-linux-gnu/bin/../libexec/gcc/aarch64-linux-gnu/4.9.4/lto-wrapper
Target: aarch64-linux-gnu
Configured with: /home/tcwg-buildslave/workspace/tcwg-make-release/label/docker-trusty-amd64-tcwg-build/target/aarch64-linux-gnu/snapshots/gcc-linaro-4.9-2017.01/configure SHELL=/bin/bash --with-mpc=/home/tcwg-buildslave/workspace/tcwg-make-release/label/docker-trusty-amd64-tcwg-build/target/aarch64-linux-gnu/_build/builds/destdir/x86_64-unknown-linux-gnu --with-mpfr=/home/tcwg-buildslave/workspace/tcwg-make-release/label/docker-trusty-amd64-tcwg-build/target/aarch64-linux-gnu/_build/builds/destdir/x86_64-unknown-linux-gnu --with-gmp=/home/tcwg-buildslave/workspace/tcwg-make-release/label/docker-trusty-amd64-tcwg-build/target/aarch64-linux-gnu/_build/builds/destdir/x86_64-unknown-linux-gnu --with-gnu-as --with-gnu-ld --disable-libmudflap --enable-lto --enable-objc-gc --enable-shared --without-included-gettext --enable-nls --disable-sjlj-exceptions --enable-gnu-unique-object --enable-linker-build-id --disable-libstdcxx-pch --enable-c99 --enable-clocale=gnu --enable-libstdcxx-debug --enable-long-long --with-cloog=no --with-ppl=no --with-isl=no --disable-multilib --enable-fix-cortex-a53-835769 --enable-fix-cortex-a53-843419 --with-arch=armv8-a --enable-threads=posix --enable-multiarch --enable-libstdcxx-time=yes --with-build-sysroot=/home/tcwg-buildslave/workspace/tcwg-make-release/label/docker-trusty-amd64-tcwg-build/target/aarch64-linux-gnu/_build/sysroots/aarch64-linux-gnu --with-sysroot=/home/tcwg-buildslave/workspace/tcwg-make-release/label/docker-trusty-amd64-tcwg-build/target/aarch64-linux-gnu/_build/builds/destdir/x86_64-unknown-linux-gnu/aarch64-linux-gnu/libc --enable-checking=release --disable-bootstrap --enable-languages=c,c++,fortran,lto --build=x86_64-unknown-linux-gnu --host=x86_64-unknown-linux-gnu --target=aarch64-linux-gnu --prefix=/home/tcwg-buildslave/workspace/tcwg-make-release/label/docker-trusty-amd64-tcwg-build/target/aarch64-linux-gnu/_build/builds/destdir/x86_64-unknown-linux-gnu
Thread model: posix
gcc version 4.9.4 (Linaro GCC 4.9-2017.01) 
configure:3158: $? = 0
configure:3147: aarch64-linux-gnu-gcc -V >&5
aarch64-linux-gnu-gcc: error: unrecognized command line option '-V'
aarch64-linux-gnu-gcc: fatal error: no input files
compilation terminated.
configure:3158: $? = 1
configure:3147: aarch64-linux-gnu-gcc -qversion >&5
aarch64-linux-gnu-gcc: error: unrecognized command line option '-qversion'
aarch64-linux-gnu-gcc: fatal error: no input files
compilation terminated.
configure:3158: $? = 1
configure:3178: checking whether the C compiler works
configure:3200: aarch64-linux-gnu-gcc -O3 -I/work/Itarge/platform_v2/trunk/TX1/platform_release/toolchain/gcc-linaro-4.9.4-2017.01-x86_64_aarch64-linux-gnu/aarch64-linux-gnu/include   conftest.c  >&5
configure:3204: $? = 0
configure:3252: result: yes
configure:3255: checking for C compiler default output file name
configure:3257: result: a.out
configure:3263: checking for suffix of executables
configure:3270: aarch64-linux-gnu-gcc -o conftest -O3 -I/work/Itarge/platform_v2/trunk/TX1/platform_release/toolchain/gcc-linaro-4.9.4-2017.01-x86_64_aarch64-linux-gnu/aarch64-linux-gnu/include   conftest.c  >&5
configure:3274: $? = 0
configure:3296: result: 
configure:3318: checking whether we are cross compiling
configure:3326: aarch64-linux-gnu-gcc -o conftest -O3 -I/work/Itarge/platform_v2/trunk/TX1/platform_release/toolchain/gcc-linaro-4.9.4-2017.01-x86_64_aarch64-linux-gnu/aarch64-linux-gnu/include   conftest.c  >&5
configure:3330: $? = 0
configure:3337: ./conftest
./configure: line 3339: ./conftest: cannot execute binary file: Exec format error
configure:3341: $? = 126
configure:3356: result: yes
configure:3361: checking for suffix of object files
configure:3383: aarch64-linux-gnu-gcc -c -O3 -I/work/Itarge/platform_v2/trunk/TX1/platform_release/toolchain/gcc-linaro-4.9.4-2017.01-x86_64_aarch64-linux-gnu/aarch64-linux-gnu/include  conftest.c >&5
configure:3387: $? = 0
configure:3408: result: o
configure:3412: checking whether we are using the GNU C compiler
configure:3431: aarch64-linux-gnu-gcc -c -O3 -I/work/Itarge/platform_v2/trunk/TX1/platform_release/toolchain/gcc-linaro-4.9.4-2017.01-x86_64_aarch64-linux-gnu/aarch64-linux-gnu/include  conftest.c >&5
configure:3431: $? = 0
configure:3440: result: yes
configure:3449: checking whether aarch64-linux-gnu-gcc accepts -g
configure:3469: aarch64-linux-gnu-gcc -c -g  conftest.c >&5
configure:3469: $? = 0
configure:3510: result: yes
configure:3527: checking for aarch64-linux-gnu-gcc option to accept ISO C89
configure:3590: aarch64-linux-gnu-gcc  -c -O3 -I/work/Itarge/platform_v2/trunk/TX1/platform_release/toolchain/gcc-linaro-4.9.4-2017.01-x86_64_aarch64-linux-gnu/aarch64-linux-gnu/include  conftest.c >&5
configure:3590: $? = 0
configure:3603: result: none needed
configure:3628: checking whether aarch64-linux-gnu-gcc understands -c and -o together
configure:3650: aarch64-linux-gnu-gcc -c conftest.c -o conftest2.o
configure:3653: $? = 0
configure:3650: aarch64-linux-gnu-gcc -c conftest.c -o conftest2.o
configure:3653: $? = 0
configure:3665: result: yes
configure:3688: checking how to run the C preprocessor
configure:3719: aarch64-linux-gnu-gcc -E  conftest.c
configure:3719: $? = 0
configure:3733: aarch64-linux-gnu-gcc -E  conftest.c
conftest.c:9:28: fatal error: ac_nonexistent.h: No such file or directory
 #include <ac_nonexistent.h>
                            ^
compilation terminated.
configure:3733: $? = 1
configure: failed program was:
| /* confdefs.h */
| #define PACKAGE_NAME "eudev"
| #define PACKAGE_TARNAME "eudev"
| #define PACKAGE_VERSION "3.2.1"
| #define PACKAGE_STRING "eudev 3.2.1"
| #define PACKAGE_BUGREPORT "https://github.com/gentoo/eudev/issues"
| #define PACKAGE_URL ""
| /* end confdefs.h.  */
| #include <ac_nonexistent.h>
configure:3758: result: aarch64-linux-gnu-gcc -E
configure:3778: aarch64-linux-gnu-gcc -E  conftest.c
configure:3778: $? = 0
configure:3792: aarch64-linux-gnu-gcc -E  conftest.c
conftest.c:9:28: fatal error: ac_nonexistent.h: No such file or directory
 #include <ac_nonexistent.h>
                            ^
compilation terminated.
configure:3792: $? = 1
configure: failed program was:
| /* confdefs.h */
| #define PACKAGE_NAME "eudev"
| #define PACKAGE_TARNAME "eudev"
| #define PACKAGE_VERSION "3.2.1"
| #define PACKAGE_STRING "eudev 3.2.1"
| #define PACKAGE_BUGREPORT "https://github.com/gentoo/eudev/issues"
| #define PACKAGE_URL ""
| /* end confdefs.h.  */
| #include <ac_nonexistent.h>
configure:3821: checking for grep that handles long lines and -e
configure:3879: result: /bin/grep
configure:3884: checking for egrep
configure:3946: result: /bin/grep -E
configure:3951: checking for ANSI C header files
configure:3971: aarch64-linux-gnu-gcc -c -O3 -I/work/Itarge/platform_v2/trunk/TX1/platform_release/toolchain/gcc-linaro-4.9.4-2017.01-x86_64_aarch64-linux-gnu/aarch64-linux-gnu/include  conftest.c >&5
configure:3971: $? = 0
configure:4055: result: yes
configure:4068: checking for sys/types.h
configure:4068: aarch64-linux-gnu-gcc -c -O3 -I/work/Itarge/platform_v2/trunk/TX1/platform_release/toolchain/gcc-linaro-4.9.4-2017.01-x86_64_aarch64-linux-gnu/aarch64-linux-gnu/include  conftest.c >&5
configure:4068: $? = 0
configure:4068: result: yes
configure:4068: checking for sys/stat.h
configure:4068: aarch64-linux-gnu-gcc -c -O3 -I/work/Itarge/platform_v2/trunk/TX1/platform_release/toolchain/gcc-linaro-4.9.4-2017.01-x86_64_aarch64-linux-gnu/aarch64-linux-gnu/include  conftest.c >&5
configure:4068: $? = 0
configure:4068: result: yes
configure:4068: checking for stdlib.h
configure:4068: aarch64-linux-gnu-gcc -c -O3 -I/work/Itarge/platform_v2/trunk/TX1/platform_release/toolchain/gcc-linaro-4.9.4-2017.01-x86_64_aarch64-linux-gnu/aarch64-linux-gnu/include  conftest.c >&5
configure:4068: $? = 0
configure:4068: result: yes
configure:4068: checking for string.h
configure:4068: aarch64-linux-gnu-gcc -c -O3 -I/work/Itarge/platform_v2/trunk/TX1/platform_release/toolchain/gcc-linaro-4.9.4-2017.01-x86_64_aarch64-linux-gnu/aarch64-linux-gnu/include  conftest.c >&5

## ---------------- ##
## Cache variables. ##
## ---------------- ##

ac_cv_c_compiler_gnu=yes
ac_cv_env_BLKID_CFLAGS_set=
ac_cv_env_BLKID_CFLAGS_value=
ac_cv_env_BLKID_LIBS_set=
ac_cv_env_BLKID_LIBS_value=
ac_cv_env_CCC_set=
ac_cv_env_CCC_value=
ac_cv_env_CC_set=
ac_cv_env_CC_value=
ac_cv_env_CFLAGS_set=set
ac_cv_env_CFLAGS_value='-O3 -I/work/Itarge/platform_v2/trunk/TX1/platform_release/toolchain/gcc-linaro-4.9.4-2017.01-x86_64_aarch64-linux-gnu/aarch64-linux-gnu/include'
ac_cv_env_CPPFLAGS_set=
ac_cv_env_CPPFLAGS_value=
ac_cv_env_CPP_set=
ac_cv_env_CPP_value=
ac_cv_env_CXXCPP_set=
ac_cv_env_CXXCPP_value=
ac_cv_env_CXXFLAGS_set=set
ac_cv_env_CXXFLAGS_value='-O3 -I/work/Itarge/platform_v2/trunk/TX1/platform_release/toolchain/gcc-linaro-4.9.4-2017.01-x86_64_aarch64-linux-gnu/aarch64-linux-gnu/include'
ac_cv_env_CXX_set=
ac_cv_env_CXX_value=
ac_cv_env_KMOD_CFLAGS_set=
ac_cv_env_KMOD_CFLAGS_value=
ac_cv_env_KMOD_LIBS_set=
ac_cv_env_KMOD_LIBS_value=
ac_cv_env_LDFLAGS_set=
ac_cv_env_LDFLAGS_value=
ac_cv_env_LIBS_set=
ac_cv_env_LIBS_value=
ac_cv_env_LT_SYS_LIBRARY_PATH_set=
ac_cv_env_LT_SYS_LIBRARY_PATH_value=
ac_cv_env_PKG_CONFIG_LIBDIR_set=
ac_cv_env_PKG_CONFIG_LIBDIR_value=
ac_cv_env_PKG_CONFIG_PATH_set=
ac_cv_env_PKG_CONFIG_PATH_value=
ac_cv_env_PKG_CONFIG_set=
ac_cv_env_PKG_CONFIG_value=
ac_cv_env_SELINUX_CFLAGS_set=
ac_cv_env_SELINUX_CFLAGS_value=
ac_cv_env_SELINUX_LIBS_set=
ac_cv_env_SELINUX_LIBS_value=
ac_cv_env_build_alias_set=
ac_cv_env_build_alias_value=
ac_cv_env_host_alias_set=set
ac_cv_env_host_alias_value=aarch64-linux-gnu
ac_cv_env_target_alias_set=
ac_cv_env_target_alias_value=
ac_cv_header_stdc=yes
ac_cv_header_stdlib_h=yes
ac_cv_header_sys_stat_h=yes
ac_cv_header_sys_types_h=yes
ac_cv_objext=o
ac_cv_path_EGREP='/bin/grep -E'
ac_cv_path_GREP=/bin/grep
ac_cv_prog_CC=aarch64-linux-gnu-gcc
ac_cv_prog_CPP='aarch64-linux-gnu-gcc -E'
ac_cv_prog_cc_c89=
ac_cv_prog_cc_g=yes
am_cv_prog_cc_c_o=yes

## ----------------- ##
## Output variables. ##
## ----------------- ##

ACLOCAL=''
AMDEPBACKSLASH=''
AMDEP_FALSE=''
AMDEP_TRUE=''
AMTAR=''
AM_BACKSLASH=''
AM_DEFAULT_V=''
AM_DEFAULT_VERBOSITY=''
AM_V=''
AR=''
AUTOCONF=''
AUTOHEADER=''
AUTOMAKE=''
AWK=''
BLKID_CFLAGS=''
BLKID_LIBS=''
CC='aarch64-linux-gnu-gcc'
CCDEPMODE=''
CFLAGS='-O3 -I/work/Itarge/platform_v2/trunk/TX1/platform_release/toolchain/gcc-linaro-4.9.4-2017.01-x86_64_aarch64-linux-gnu/aarch64-linux-gnu/include'
CPP='aarch64-linux-gnu-gcc -E'
CPPFLAGS=''
CXX=''
CXXCPP=''
CXXDEPMODE=''
CXXFLAGS='-O3 -I/work/Itarge/platform_v2/trunk/TX1/platform_release/toolchain/gcc-linaro-4.9.4-2017.01-x86_64_aarch64-linux-gnu/aarch64-linux-gnu/include'
CYGPATH_W=''
DEFS=''
DEPDIR=''
DLLTOOL=''
DSYMUTIL=''
DUMPBIN=''
ECHO_C=''
ECHO_N='-n'
ECHO_T=''
EGREP='/bin/grep -E'
ENABLE_HWDB_FALSE=''
ENABLE_HWDB_TRUE=''
ENABLE_MANPAGES_FALSE=''
ENABLE_MANPAGES_TRUE=''
ENABLE_RULE_GENERATOR_FALSE=''
ENABLE_RULE_GENERATOR_TRUE=''
EXEEXT=''
FGREP=''
GPERF=''
GREP='/bin/grep'
HAVE_BLKID_FALSE=''
HAVE_BLKID_TRUE=''
HAVE_INTROSPECTION_FALSE=''
HAVE_INTROSPECTION_TRUE=''
HAVE_KMOD_FALSE=''
HAVE_KMOD_TRUE=''
HAVE_SELINUX_FALSE=''
HAVE_SELINUX_TRUE=''
INSTALL_DATA=''
INSTALL_PROGRAM=''
INSTALL_SCRIPT=''
INSTALL_STRIP_PROGRAM=''
INTROSPECTION_CFLAGS=''
INTROSPECTION_COMPILER=''
INTROSPECTION_GENERATE=''
INTROSPECTION_GIRDIR=''
INTROSPECTION_LIBS=''
INTROSPECTION_MAKEFILE=''
INTROSPECTION_SCANNER=''
INTROSPECTION_TYPELIBDIR=''
KMOD_CFLAGS=''
KMOD_LIBS=''
LD=''
LDFLAGS=''
LIBM=''
LIBOBJS=''
LIBS=''
LIBTOOL=''
LIPO=''
LN_S=''
LTLIBOBJS=''
LT_SYS_LIBRARY_PATH=''
M4=''
MAKEINFO=''
MANIFEST_TOOL=''
MKDIR_P=''
NM=''
NMEDIT=''
OBJDUMP=''
OBJEXT='o'
OTOOL64=''
OTOOL=''
PACKAGE=''
PACKAGE_BUGREPORT='https://github.com/gentoo/eudev/issues'
PACKAGE_NAME='eudev'
PACKAGE_STRING='eudev 3.2.1'
PACKAGE_TARNAME='eudev'
PACKAGE_URL=''
PACKAGE_VERSION='3.2.1'
PATH_SEPARATOR=':'
PKG_CONFIG=''
PKG_CONFIG_LIBDIR=''
PKG_CONFIG_PATH=''
RANLIB=''
SED=''
SELINUX_CFLAGS=''
SELINUX_LIBS=''
SET_MAKE=''
SHELL='/bin/bash'
STRIP=''
UDEV_VERSION='220'
VERSION=''
ac_ct_AR=''
ac_ct_CC=''
ac_ct_CXX=''
ac_ct_DUMPBIN=''
am__EXEEXT_FALSE=''
am__EXEEXT_TRUE=''
am__fastdepCC_FALSE=''
am__fastdepCC_TRUE=''
am__fastdepCXX_FALSE=''
am__fastdepCXX_TRUE=''
am__include=''
am__isrc=''
am__leading_dot=''
am__nodep=''
am__quote=''
am__tar=''
am__untar=''
bindir='/work/Itarge/platform_v2/trunk/TX1/platform_release/rootfs/usr/bin'
build=''
build_alias=''
build_cpu=''
build_os=''
build_vendor=''
datadir='${datarootdir}'
datarootdir='${prefix}/share'
docdir='${datarootdir}/doc/${PACKAGE_TARNAME}'
dvidir='${docdir}'
exec_prefix='NONE'
girdir=''
host='aarch64-linux-gnu'
host_alias='aarch64-linux-gnu'
host_cpu=''
host_os=''
host_vendor=''
htmldir='${docdir}'
includedir='${prefix}/include'
infodir='${datarootdir}/info'
install_sh=''
libdir='${exec_prefix}/lib'
libexecdir='${exec_prefix}/libexec'
localedir='${datarootdir}/locale'
localstatedir='${prefix}/var'
mandir='${datarootdir}/man'
mkdir_p=''
oldincludedir='/usr/include'
pdfdir='${docdir}'
pkgconfiglibdir=''
prefix='/work/Itarge/platform_v2/trunk/TX1/platform_release/toolchain/gcc-linaro-4.9.4-2017.01-x86_64_aarch64-linux-gnu/aarch64-linux-gnu'
program_transform_name='s,x,x,'
psdir='${docdir}'
rootlibdir=''
rootlibexecdir=''
rootprefix=''
rootrundir=''
sbindir='${exec_prefix}/sbin'
sharedstatedir='${prefix}/com'
sharepkgconfigdir=''
sushell=''
sysconfdir='${prefix}/etc'
target_alias=''
typelibsdir=''
udevconfdir=''
udevconffile=''
udevhwdbbin=''
udevhwdbdir=''
udevkeymapdir=''
udevkeymapforceredir=''
udevlibexecdir=''
udevrulesdir=''

## ----------- ##
## confdefs.h. ##
## ----------- ##

/* confdefs.h */
#define PACKAGE_NAME "eudev"
#define PACKAGE_TARNAME "eudev"
#define PACKAGE_VERSION "3.2.1"
#define PACKAGE_STRING "eudev 3.2.1"
#define PACKAGE_BUGREPORT "https://github.com/gentoo/eudev/issues"
#define PACKAGE_URL ""
#define STDC_HEADERS 1
#define HAVE_SYS_TYPES_H 1
#define HAVE_SYS_STAT_H 1
#define HAVE_STDLIB_H 1

configure: caught signal 2
configure: exit 1
